<?xml version="1.0" encoding="UTF-8"?>
<testsuite xmlns:xsi="http://www.w3.org/2001/XMLSchema-instance" xsi:noNamespaceSchemaLocation="https://maven.apache.org/surefire/maven-surefire-plugin/xsd/surefire-test-report.xsd" name="com.walmart.welcomeuser.ApplicationTest" time="1.614" tests="1" errors="0" skipped="0" failures="0">
  <properties>
    <property name="gopherProxySet" value="false"/>
    <property name="awt.toolkit" value="sun.lwawt.macosx.LWCToolkit"/>
    <property name="file.encoding.pkg" value="sun.io"/>
    <property name="java.specification.version" value="1.8"/>
    <property name="sun.cpu.isalist" value=""/>
    <property name="sun.jnu.encoding" value="UTF-8"/>
    <property name="java.class.path" value="/Users/y0g037u/Desktop/teamsbot/target/test-classes:/Users/y0g037u/Desktop/teamsbot/target/classes:/Users/y0g037u/.m2/repository/org/springframework/boot/spring-boot-starter-test/2.4.0/spring-boot-starter-test-2.4.0.jar:/Users/y0g037u/.m2/repository/org/springframework/boot/spring-boot-starter/2.4.0/spring-boot-starter-2.4.0.jar:/Users/y0g037u/.m2/repository/org/springframework/boot/spring-boot-autoconfigure/2.4.0/spring-boot-autoconfigure-2.4.0.jar:/Users/y0g037u/.m2/repository/org/springframework/boot/spring-boot-starter-logging/2.4.0/spring-boot-starter-logging-2.4.0.jar:/Users/y0g037u/.m2/repository/ch/qos/logback/logback-classic/1.2.3/logback-classic-1.2.3.jar:/Users/y0g037u/.m2/repository/ch/qos/logback/logback-core/1.2.3/logback-core-1.2.3.jar:/Users/y0g037u/.m2/repository/org/slf4j/jul-to-slf4j/1.7.30/jul-to-slf4j-1.7.30.jar:/Users/y0g037u/.m2/repository/jakarta/annotation/jakarta.annotation-api/1.3.5/jakarta.annotation-api-1.3.5.jar:/Users/y0g037u/.m2/repository/org/yaml/snakeyaml/1.27/snakeyaml-1.27.jar:/Users/y0g037u/.m2/repository/org/springframework/boot/spring-boot-test/2.4.0/spring-boot-test-2.4.0.jar:/Users/y0g037u/.m2/repository/org/springframework/boot/spring-boot-test-autoconfigure/2.4.0/spring-boot-test-autoconfigure-2.4.0.jar:/Users/y0g037u/.m2/repository/com/jayway/jsonpath/json-path/2.4.0/json-path-2.4.0.jar:/Users/y0g037u/.m2/repository/net/minidev/json-smart/2.3/json-smart-2.3.jar:/Users/y0g037u/.m2/repository/net/minidev/accessors-smart/1.2/accessors-smart-1.2.jar:/Users/y0g037u/.m2/repository/org/ow2/asm/asm/5.0.4/asm-5.0.4.jar:/Users/y0g037u/.m2/repository/jakarta/xml/bind/jakarta.xml.bind-api/2.3.3/jakarta.xml.bind-api-2.3.3.jar:/Users/y0g037u/.m2/repository/jakarta/activation/jakarta.activation-api/1.2.2/jakarta.activation-api-1.2.2.jar:/Users/y0g037u/.m2/repository/org/assertj/assertj-core/3.18.1/assertj-core-3.18.1.jar:/Users/y0g037u/.m2/repository/org/hamcrest/hamcrest/2.2/hamcrest-2.2.jar:/Users/y0g037u/.m2/repository/org/junit/jupiter/junit-jupiter/5.7.0/junit-jupiter-5.7.0.jar:/Users/y0g037u/.m2/repository/org/junit/jupiter/junit-jupiter-api/5.7.0/junit-jupiter-api-5.7.0.jar:/Users/y0g037u/.m2/repository/org/junit/jupiter/junit-jupiter-params/5.7.0/junit-jupiter-params-5.7.0.jar:/Users/y0g037u/.m2/repository/org/junit/jupiter/junit-jupiter-engine/5.7.0/junit-jupiter-engine-5.7.0.jar:/Users/y0g037u/.m2/repository/org/mockito/mockito-core/3.6.0/mockito-core-3.6.0.jar:/Users/y0g037u/.m2/repository/net/bytebuddy/byte-buddy/1.10.18/byte-buddy-1.10.18.jar:/Users/y0g037u/.m2/repository/net/bytebuddy/byte-buddy-agent/1.10.18/byte-buddy-agent-1.10.18.jar:/Users/y0g037u/.m2/repository/org/objenesis/objenesis/3.1/objenesis-3.1.jar:/Users/y0g037u/.m2/repository/org/mockito/mockito-junit-jupiter/3.6.0/mockito-junit-jupiter-3.6.0.jar:/Users/y0g037u/.m2/repository/org/skyscreamer/jsonassert/1.5.0/jsonassert-1.5.0.jar:/Users/y0g037u/.m2/repository/com/vaadin/external/google/android-json/0.0.20131108.vaadin1/android-json-0.0.20131108.vaadin1.jar:/Users/y0g037u/.m2/repository/org/springframework/spring-core/5.3.1/spring-core-5.3.1.jar:/Users/y0g037u/.m2/repository/org/springframework/spring-jcl/5.3.1/spring-jcl-5.3.1.jar:/Users/y0g037u/.m2/repository/org/springframework/spring-test/5.3.1/spring-test-5.3.1.jar:/Users/y0g037u/.m2/repository/org/xmlunit/xmlunit-core/2.7.0/xmlunit-core-2.7.0.jar:/Users/y0g037u/.m2/repository/junit/junit/4.13.1/junit-4.13.1.jar:/Users/y0g037u/.m2/repository/org/hamcrest/hamcrest-core/2.2/hamcrest-core-2.2.jar:/Users/y0g037u/.m2/repository/org/junit/vintage/junit-vintage-engine/5.7.0/junit-vintage-engine-5.7.0.jar:/Users/y0g037u/.m2/repository/org/apiguardian/apiguardian-api/1.1.0/apiguardian-api-1.1.0.jar:/Users/y0g037u/.m2/repository/org/junit/platform/junit-platform-engine/1.7.0/junit-platform-engine-1.7.0.jar:/Users/y0g037u/.m2/repository/org/opentest4j/opentest4j/1.2.0/opentest4j-1.2.0.jar:/Users/y0g037u/.m2/repository/org/junit/platform/junit-platform-commons/1.7.0/junit-platform-commons-1.7.0.jar:/Users/y0g037u/.m2/repository/org/slf4j/slf4j-api/1.7.30/slf4j-api-1.7.30.jar:/Users/y0g037u/.m2/repository/org/apache/logging/log4j/log4j-api/2.16.0/log4j-api-2.16.0.jar:/Users/y0g037u/.m2/repository/org/apache/logging/log4j/log4j-core/2.16.0/log4j-core-2.16.0.jar:/Users/y0g037u/.m2/repository/org/apache/logging/log4j/log4j-to-slf4j/2.16.0/log4j-to-slf4j-2.16.0.jar:/Users/y0g037u/.m2/repository/com/microsoft/bot/bot-integration-spring/4.14.1/bot-integration-spring-4.14.1.jar:/Users/y0g037u/.m2/repository/org/springframework/boot/spring-boot-starter-web/2.4.0/spring-boot-starter-web-2.4.0.jar:/Users/y0g037u/.m2/repository/org/springframework/boot/spring-boot-starter-json/2.4.0/spring-boot-starter-json-2.4.0.jar:/Users/y0g037u/.m2/repository/com/fasterxml/jackson/core/jackson-databind/2.11.3/jackson-databind-2.11.3.jar:/Users/y0g037u/.m2/repository/com/fasterxml/jackson/core/jackson-annotations/2.11.3/jackson-annotations-2.11.3.jar:/Users/y0g037u/.m2/repository/com/fasterxml/jackson/core/jackson-core/2.11.3/jackson-core-2.11.3.jar:/Users/y0g037u/.m2/repository/com/fasterxml/jackson/datatype/jackson-datatype-jdk8/2.11.3/jackson-datatype-jdk8-2.11.3.jar:/Users/y0g037u/.m2/repository/com/fasterxml/jackson/datatype/jackson-datatype-jsr310/2.11.3/jackson-datatype-jsr310-2.11.3.jar:/Users/y0g037u/.m2/repository/com/fasterxml/jackson/module/jackson-module-parameter-names/2.11.3/jackson-module-parameter-names-2.11.3.jar:/Users/y0g037u/.m2/repository/org/springframework/boot/spring-boot-starter-tomcat/2.4.0/spring-boot-starter-tomcat-2.4.0.jar:/Users/y0g037u/.m2/repository/org/apache/tomcat/embed/tomcat-embed-core/9.0.39/tomcat-embed-core-9.0.39.jar:/Users/y0g037u/.m2/repository/org/glassfish/jakarta.el/3.0.3/jakarta.el-3.0.3.jar:/Users/y0g037u/.m2/repository/org/apache/tomcat/embed/tomcat-embed-websocket/9.0.39/tomcat-embed-websocket-9.0.39.jar:/Users/y0g037u/.m2/repository/org/springframework/spring-web/5.3.1/spring-web-5.3.1.jar:/Users/y0g037u/.m2/repository/org/springframework/spring-webmvc/5.3.1/spring-webmvc-5.3.1.jar:/Users/y0g037u/.m2/repository/org/springframework/spring-aop/5.3.1/spring-aop-5.3.1.jar:/Users/y0g037u/.m2/repository/org/springframework/spring-expression/5.3.1/spring-expression-5.3.1.jar:/Users/y0g037u/.m2/repository/org/springframework/spring-beans/5.3.1/spring-beans-5.3.1.jar:/Users/y0g037u/.m2/repository/org/springframework/boot/spring-boot/2.4.0/spring-boot-2.4.0.jar:/Users/y0g037u/.m2/repository/org/springframework/spring-context/5.3.1/spring-context-5.3.1.jar:/Users/y0g037u/.m2/repository/com/microsoft/bot/bot-integration-core/4.14.1/bot-integration-core-4.14.1.jar:/Users/y0g037u/.m2/repository/com/microsoft/bot/bot-schema/4.14.1/bot-schema-4.14.1.jar:/Users/y0g037u/.m2/repository/org/apache/commons/commons-lang3/3.11/commons-lang3-3.11.jar:/Users/y0g037u/.m2/repository/com/microsoft/bot/bot-connector/4.14.1/bot-connector-4.14.1.jar:/Users/y0g037u/.m2/repository/com/google/guava/guava/30.1-jre/guava-30.1-jre.jar:/Users/y0g037u/.m2/repository/com/google/guava/failureaccess/1.0.1/failureaccess-1.0.1.jar:/Users/y0g037u/.m2/repository/com/google/guava/listenablefuture/9999.0-empty-to-avoid-conflict-with-guava/listenablefuture-9999.0-empty-to-avoid-conflict-with-guava.jar:/Users/y0g037u/.m2/repository/com/google/code/findbugs/jsr305/3.0.2/jsr305-3.0.2.jar:/Users/y0g037u/.m2/repository/org/checkerframework/checker-qual/3.5.0/checker-qual-3.5.0.jar:/Users/y0g037u/.m2/repository/com/google/errorprone/error_prone_annotations/2.3.4/error_prone_annotations-2.3.4.jar:/Users/y0g037u/.m2/repository/com/google/j2objc/j2objc-annotations/1.3/j2objc-annotations-1.3.jar:/Users/y0g037u/.m2/repository/com/squareup/retrofit2/retrofit/2.5.0/retrofit-2.5.0.jar:/Users/y0g037u/.m2/repository/com/squareup/retrofit2/converter-jackson/2.5.0/converter-jackson-2.5.0.jar:/Users/y0g037u/.m2/repository/com/squareup/okhttp3/okhttp/3.14.9/okhttp-3.14.9.jar:/Users/y0g037u/.m2/repository/com/squareup/okio/okio/1.17.2/okio-1.17.2.jar:/Users/y0g037u/.m2/repository/com/squareup/okhttp3/logging-interceptor/3.14.9/logging-interceptor-3.14.9.jar:/Users/y0g037u/.m2/repository/com/squareup/okhttp3/okhttp-urlconnection/3.14.9/okhttp-urlconnection-3.14.9.jar:/Users/y0g037u/.m2/repository/com/microsoft/azure/azure-annotations/1.7.0/azure-annotations-1.7.0.jar:/Users/y0g037u/.m2/repository/commons-codec/commons-codec/1.15/commons-codec-1.15.jar:/Users/y0g037u/.m2/repository/com/microsoft/azure/msal4j/1.11.0/msal4j-1.11.0.jar:/Users/y0g037u/.m2/repository/com/nimbusds/oauth2-oidc-sdk/8.23.1/oauth2-oidc-sdk-8.23.1.jar:/Users/y0g037u/.m2/repository/com/github/stephenc/jcip/jcip-annotations/1.0-1/jcip-annotations-1.0-1.jar:/Users/y0g037u/.m2/repository/com/nimbusds/content-type/2.1/content-type-2.1.jar:/Users/y0g037u/.m2/repository/com/nimbusds/lang-tag/1.4.4/lang-tag-1.4.4.jar:/Users/y0g037u/.m2/repository/com/nimbusds/nimbus-jose-jwt/9.1.2/nimbus-jose-jwt-9.1.2.jar:/Users/y0g037u/.m2/repository/com/auth0/java-jwt/3.13.0/java-jwt-3.13.0.jar:/Users/y0g037u/.m2/repository/com/auth0/jwks-rsa/0.15.0/jwks-rsa-0.15.0.jar:/Users/y0g037u/.m2/repository/commons-io/commons-io/2.8.0/commons-io-2.8.0.jar:/Users/y0g037u/.m2/repository/com/microsoft/bot/bot-builder/4.14.1/bot-builder-4.14.1.jar:/Users/y0g037u/.m2/repository/com/codepoetics/protonpack/1.13/protonpack-1.13.jar:/Users/y0g037u/.m2/repository/com/googlecode/json-simple/json-simple/1.1.1/json-simple-1.1.1.jar:"/>
    <property name="java.vm.vendor" value="Azul Systems, Inc."/>
    <property name="sun.arch.data.model" value="64"/>
    <property name="java.vendor.url" value="http://www.azulsystems.com/"/>
    <property name="user.timezone" value=""/>
    <property name="java.vm.specification.version" value="1.8"/>
    <property name="os.name" value="Mac OS X"/>
    <property name="user.country" value="IN"/>
    <property name="sun.java.launcher" value="SUN_STANDARD"/>
    <property name="sun.boot.library.path" value="/Library/Java/JavaVirtualMachines/zulu-8.jdk/Contents/Home/jre/lib"/>
    <property name="sun.java.command" value="/Users/y0g037u/Desktop/teamsbot/target/surefire/surefirebooter5086982876860086927.jar /Users/y0g037u/Desktop/teamsbot/target/surefire 2021-12-21T16-08-44_227-jvmRun1 surefire7805320581646075158tmp surefire_02327523675918760919tmp"/>
    <property name="surefire.test.class.path" value="/Users/y0g037u/Desktop/teamsbot/target/test-classes:/Users/y0g037u/Desktop/teamsbot/target/classes:/Users/y0g037u/.m2/repository/org/springframework/boot/spring-boot-starter-test/2.4.0/spring-boot-starter-test-2.4.0.jar:/Users/y0g037u/.m2/repository/org/springframework/boot/spring-boot-starter/2.4.0/spring-boot-starter-2.4.0.jar:/Users/y0g037u/.m2/repository/org/springframework/boot/spring-boot-autoconfigure/2.4.0/spring-boot-autoconfigure-2.4.0.jar:/Users/y0g037u/.m2/repository/org/springframework/boot/spring-boot-starter-logging/2.4.0/spring-boot-starter-logging-2.4.0.jar:/Users/y0g037u/.m2/repository/ch/qos/logback/logback-classic/1.2.3/logback-classic-1.2.3.jar:/Users/y0g037u/.m2/repository/ch/qos/logback/logback-core/1.2.3/logback-core-1.2.3.jar:/Users/y0g037u/.m2/repository/org/slf4j/jul-to-slf4j/1.7.30/jul-to-slf4j-1.7.30.jar:/Users/y0g037u/.m2/repository/jakarta/annotation/jakarta.annotation-api/1.3.5/jakarta.annotation-api-1.3.5.jar:/Users/y0g037u/.m2/repository/org/yaml/snakeyaml/1.27/snakeyaml-1.27.jar:/Users/y0g037u/.m2/repository/org/springframework/boot/spring-boot-test/2.4.0/spring-boot-test-2.4.0.jar:/Users/y0g037u/.m2/repository/org/springframework/boot/spring-boot-test-autoconfigure/2.4.0/spring-boot-test-autoconfigure-2.4.0.jar:/Users/y0g037u/.m2/repository/com/jayway/jsonpath/json-path/2.4.0/json-path-2.4.0.jar:/Users/y0g037u/.m2/repository/net/minidev/json-smart/2.3/json-smart-2.3.jar:/Users/y0g037u/.m2/repository/net/minidev/accessors-smart/1.2/accessors-smart-1.2.jar:/Users/y0g037u/.m2/repository/org/ow2/asm/asm/5.0.4/asm-5.0.4.jar:/Users/y0g037u/.m2/repository/jakarta/xml/bind/jakarta.xml.bind-api/2.3.3/jakarta.xml.bind-api-2.3.3.jar:/Users/y0g037u/.m2/repository/jakarta/activation/jakarta.activation-api/1.2.2/jakarta.activation-api-1.2.2.jar:/Users/y0g037u/.m2/repository/org/assertj/assertj-core/3.18.1/assertj-core-3.18.1.jar:/Users/y0g037u/.m2/repository/org/hamcrest/hamcrest/2.2/hamcrest-2.2.jar:/Users/y0g037u/.m2/repository/org/junit/jupiter/junit-jupiter/5.7.0/junit-jupiter-5.7.0.jar:/Users/y0g037u/.m2/repository/org/junit/jupiter/junit-jupiter-api/5.7.0/junit-jupiter-api-5.7.0.jar:/Users/y0g037u/.m2/repository/org/junit/jupiter/junit-jupiter-params/5.7.0/junit-jupiter-params-5.7.0.jar:/Users/y0g037u/.m2/repository/org/junit/jupiter/junit-jupiter-engine/5.7.0/junit-jupiter-engine-5.7.0.jar:/Users/y0g037u/.m2/repository/org/mockito/mockito-core/3.6.0/mockito-core-3.6.0.jar:/Users/y0g037u/.m2/repository/net/bytebuddy/byte-buddy/1.10.18/byte-buddy-1.10.18.jar:/Users/y0g037u/.m2/repository/net/bytebuddy/byte-buddy-agent/1.10.18/byte-buddy-agent-1.10.18.jar:/Users/y0g037u/.m2/repository/org/objenesis/objenesis/3.1/objenesis-3.1.jar:/Users/y0g037u/.m2/repository/org/mockito/mockito-junit-jupiter/3.6.0/mockito-junit-jupiter-3.6.0.jar:/Users/y0g037u/.m2/repository/org/skyscreamer/jsonassert/1.5.0/jsonassert-1.5.0.jar:/Users/y0g037u/.m2/repository/com/vaadin/external/google/android-json/0.0.20131108.vaadin1/android-json-0.0.20131108.vaadin1.jar:/Users/y0g037u/.m2/repository/org/springframework/spring-core/5.3.1/spring-core-5.3.1.jar:/Users/y0g037u/.m2/repository/org/springframework/spring-jcl/5.3.1/spring-jcl-5.3.1.jar:/Users/y0g037u/.m2/repository/org/springframework/spring-test/5.3.1/spring-test-5.3.1.jar:/Users/y0g037u/.m2/repository/org/xmlunit/xmlunit-core/2.7.0/xmlunit-core-2.7.0.jar:/Users/y0g037u/.m2/repository/junit/junit/4.13.1/junit-4.13.1.jar:/Users/y0g037u/.m2/repository/org/hamcrest/hamcrest-core/2.2/hamcrest-core-2.2.jar:/Users/y0g037u/.m2/repository/org/junit/vintage/junit-vintage-engine/5.7.0/junit-vintage-engine-5.7.0.jar:/Users/y0g037u/.m2/repository/org/apiguardian/apiguardian-api/1.1.0/apiguardian-api-1.1.0.jar:/Users/y0g037u/.m2/repository/org/junit/platform/junit-platform-engine/1.7.0/junit-platform-engine-1.7.0.jar:/Users/y0g037u/.m2/repository/org/opentest4j/opentest4j/1.2.0/opentest4j-1.2.0.jar:/Users/y0g037u/.m2/repository/org/junit/platform/junit-platform-commons/1.7.0/junit-platform-commons-1.7.0.jar:/Users/y0g037u/.m2/repository/org/slf4j/slf4j-api/1.7.30/slf4j-api-1.7.30.jar:/Users/y0g037u/.m2/repository/org/apache/logging/log4j/log4j-api/2.16.0/log4j-api-2.16.0.jar:/Users/y0g037u/.m2/repository/org/apache/logging/log4j/log4j-core/2.16.0/log4j-core-2.16.0.jar:/Users/y0g037u/.m2/repository/org/apache/logging/log4j/log4j-to-slf4j/2.16.0/log4j-to-slf4j-2.16.0.jar:/Users/y0g037u/.m2/repository/com/microsoft/bot/bot-integration-spring/4.14.1/bot-integration-spring-4.14.1.jar:/Users/y0g037u/.m2/repository/org/springframework/boot/spring-boot-starter-web/2.4.0/spring-boot-starter-web-2.4.0.jar:/Users/y0g037u/.m2/repository/org/springframework/boot/spring-boot-starter-json/2.4.0/spring-boot-starter-json-2.4.0.jar:/Users/y0g037u/.m2/repository/com/fasterxml/jackson/core/jackson-databind/2.11.3/jackson-databind-2.11.3.jar:/Users/y0g037u/.m2/repository/com/fasterxml/jackson/core/jackson-annotations/2.11.3/jackson-annotations-2.11.3.jar:/Users/y0g037u/.m2/repository/com/fasterxml/jackson/core/jackson-core/2.11.3/jackson-core-2.11.3.jar:/Users/y0g037u/.m2/repository/com/fasterxml/jackson/datatype/jackson-datatype-jdk8/2.11.3/jackson-datatype-jdk8-2.11.3.jar:/Users/y0g037u/.m2/repository/com/fasterxml/jackson/datatype/jackson-datatype-jsr310/2.11.3/jackson-datatype-jsr310-2.11.3.jar:/Users/y0g037u/.m2/repository/com/fasterxml/jackson/module/jackson-module-parameter-names/2.11.3/jackson-module-parameter-names-2.11.3.jar:/Users/y0g037u/.m2/repository/org/springframework/boot/spring-boot-starter-tomcat/2.4.0/spring-boot-starter-tomcat-2.4.0.jar:/Users/y0g037u/.m2/repository/org/apache/tomcat/embed/tomcat-embed-core/9.0.39/tomcat-embed-core-9.0.39.jar:/Users/y0g037u/.m2/repository/org/glassfish/jakarta.el/3.0.3/jakarta.el-3.0.3.jar:/Users/y0g037u/.m2/repository/org/apache/tomcat/embed/tomcat-embed-websocket/9.0.39/tomcat-embed-websocket-9.0.39.jar:/Users/y0g037u/.m2/repository/org/springframework/spring-web/5.3.1/spring-web-5.3.1.jar:/Users/y0g037u/.m2/repository/org/springframework/spring-webmvc/5.3.1/spring-webmvc-5.3.1.jar:/Users/y0g037u/.m2/repository/org/springframework/spring-aop/5.3.1/spring-aop-5.3.1.jar:/Users/y0g037u/.m2/repository/org/springframework/spring-expression/5.3.1/spring-expression-5.3.1.jar:/Users/y0g037u/.m2/repository/org/springframework/spring-beans/5.3.1/spring-beans-5.3.1.jar:/Users/y0g037u/.m2/repository/org/springframework/boot/spring-boot/2.4.0/spring-boot-2.4.0.jar:/Users/y0g037u/.m2/repository/org/springframework/spring-context/5.3.1/spring-context-5.3.1.jar:/Users/y0g037u/.m2/repository/com/microsoft/bot/bot-integration-core/4.14.1/bot-integration-core-4.14.1.jar:/Users/y0g037u/.m2/repository/com/microsoft/bot/bot-schema/4.14.1/bot-schema-4.14.1.jar:/Users/y0g037u/.m2/repository/org/apache/commons/commons-lang3/3.11/commons-lang3-3.11.jar:/Users/y0g037u/.m2/repository/com/microsoft/bot/bot-connector/4.14.1/bot-connector-4.14.1.jar:/Users/y0g037u/.m2/repository/com/google/guava/guava/30.1-jre/guava-30.1-jre.jar:/Users/y0g037u/.m2/repository/com/google/guava/failureaccess/1.0.1/failureaccess-1.0.1.jar:/Users/y0g037u/.m2/repository/com/google/guava/listenablefuture/9999.0-empty-to-avoid-conflict-with-guava/listenablefuture-9999.0-empty-to-avoid-conflict-with-guava.jar:/Users/y0g037u/.m2/repository/com/google/code/findbugs/jsr305/3.0.2/jsr305-3.0.2.jar:/Users/y0g037u/.m2/repository/org/checkerframework/checker-qual/3.5.0/checker-qual-3.5.0.jar:/Users/y0g037u/.m2/repository/com/google/errorprone/error_prone_annotations/2.3.4/error_prone_annotations-2.3.4.jar:/Users/y0g037u/.m2/repository/com/google/j2objc/j2objc-annotations/1.3/j2objc-annotations-1.3.jar:/Users/y0g037u/.m2/repository/com/squareup/retrofit2/retrofit/2.5.0/retrofit-2.5.0.jar:/Users/y0g037u/.m2/repository/com/squareup/retrofit2/converter-jackson/2.5.0/converter-jackson-2.5.0.jar:/Users/y0g037u/.m2/repository/com/squareup/okhttp3/okhttp/3.14.9/okhttp-3.14.9.jar:/Users/y0g037u/.m2/repository/com/squareup/okio/okio/1.17.2/okio-1.17.2.jar:/Users/y0g037u/.m2/repository/com/squareup/okhttp3/logging-interceptor/3.14.9/logging-interceptor-3.14.9.jar:/Users/y0g037u/.m2/repository/com/squareup/okhttp3/okhttp-urlconnection/3.14.9/okhttp-urlconnection-3.14.9.jar:/Users/y0g037u/.m2/repository/com/microsoft/azure/azure-annotations/1.7.0/azure-annotations-1.7.0.jar:/Users/y0g037u/.m2/repository/commons-codec/commons-codec/1.15/commons-codec-1.15.jar:/Users/y0g037u/.m2/repository/com/microsoft/azure/msal4j/1.11.0/msal4j-1.11.0.jar:/Users/y0g037u/.m2/repository/com/nimbusds/oauth2-oidc-sdk/8.23.1/oauth2-oidc-sdk-8.23.1.jar:/Users/y0g037u/.m2/repository/com/github/stephenc/jcip/jcip-annotations/1.0-1/jcip-annotations-1.0-1.jar:/Users/y0g037u/.m2/repository/com/nimbusds/content-type/2.1/content-type-2.1.jar:/Users/y0g037u/.m2/repository/com/nimbusds/lang-tag/1.4.4/lang-tag-1.4.4.jar:/Users/y0g037u/.m2/repository/com/nimbusds/nimbus-jose-jwt/9.1.2/nimbus-jose-jwt-9.1.2.jar:/Users/y0g037u/.m2/repository/com/auth0/java-jwt/3.13.0/java-jwt-3.13.0.jar:/Users/y0g037u/.m2/repository/com/auth0/jwks-rsa/0.15.0/jwks-rsa-0.15.0.jar:/Users/y0g037u/.m2/repository/commons-io/commons-io/2.8.0/commons-io-2.8.0.jar:/Users/y0g037u/.m2/repository/com/microsoft/bot/bot-builder/4.14.1/bot-builder-4.14.1.jar:/Users/y0g037u/.m2/repository/com/codepoetics/protonpack/1.13/protonpack-1.13.jar:/Users/y0g037u/.m2/repository/com/googlecode/json-simple/json-simple/1.1.1/json-simple-1.1.1.jar:"/>
    <property name="sun.cpu.endian" value="little"/>
    <property name="user.home" value="/Users/y0g037u"/>
    <property name="user.language" value="en"/>
    <property name="java.specification.vendor" value="Oracle Corporation"/>
    <property name="java.home" value="/Library/Java/JavaVirtualMachines/zulu-8.jdk/Contents/Home/jre"/>
    <property name="basedir" value="/Users/y0g037u/Desktop/teamsbot"/>
    <property name="file.separator" value="/"/>
    <property name="line.separator" value="&#10;"/>
    <property name="java.vm.specification.vendor" value="Oracle Corporation"/>
    <property name="java.specification.name" value="Java Platform API Specification"/>
    <property name="java.awt.graphicsenv" value="sun.awt.CGraphicsEnvironment"/>
    <property name="surefire.real.class.path" value="/Users/y0g037u/Desktop/teamsbot/target/surefire/surefirebooter5086982876860086927.jar"/>
    <property name="sun.boot.class.path" value="/Library/Java/JavaVirtualMachines/zulu-8.jdk/Contents/Home/jre/lib/resources.jar:/Library/Java/JavaVirtualMachines/zulu-8.jdk/Contents/Home/jre/lib/rt.jar:/Library/Java/JavaVirtualMachines/zulu-8.jdk/Contents/Home/jre/lib/sunrsasign.jar:/Library/Java/JavaVirtualMachines/zulu-8.jdk/Contents/Home/jre/lib/jsse.jar:/Library/Java/JavaVirtualMachines/zulu-8.jdk/Contents/Home/jre/lib/jce.jar:/Library/Java/JavaVirtualMachines/zulu-8.jdk/Contents/Home/jre/lib/charsets.jar:/Library/Java/JavaVirtualMachines/zulu-8.jdk/Contents/Home/jre/lib/jfr.jar:/Library/Java/JavaVirtualMachines/zulu-8.jdk/Contents/Home/jre/classes"/>
    <property name="sun.management.compiler" value="HotSpot 64-Bit Tiered Compilers"/>
    <property name="java.runtime.version" value="1.8.0_202-b05"/>
    <property name="user.name" value="y0g037u"/>
    <property name="path.separator" value=":"/>
    <property name="os.version" value="10.16"/>
    <property name="java.endorsed.dirs" value="/Library/Java/JavaVirtualMachines/zulu-8.jdk/Contents/Home/jre/lib/endorsed"/>
    <property name="java.runtime.name" value="OpenJDK Runtime Environment"/>
    <property name="file.encoding" value="US-ASCII"/>
    <property name="java.vm.name" value="OpenJDK 64-Bit Server VM"/>
    <property name="localRepository" value="/Users/y0g037u/.m2/repository"/>
    <property name="java.vendor.url.bug" value="http://www.azulsystems.com/support/"/>
    <property name="java.io.tmpdir" value="/var/folders/d6/791gq3m978z5wt0s84gk6blc0000gq/T/"/>
    <property name="java.version" value="1.8.0_202"/>
    <property name="user.dir" value="/Users/y0g037u/Desktop/teamsbot"/>
    <property name="os.arch" value="x86_64"/>
    <property name="java.vm.specification.name" value="Java Virtual Machine Specification"/>
    <property name="java.awt.printerjob" value="sun.lwawt.macosx.CPrinterJob"/>
    <property name="sun.os.patch.level" value="unknown"/>
    <property name="java.library.path" value="/Users/y0g037u/Library/Java/Extensions:/Library/Java/Extensions:/Network/Library/Java/Extensions:/System/Library/Java/Extensions:/usr/lib/java:."/>
    <property name="java.vm.info" value="mixed mode"/>
    <property name="java.vendor" value="Azul Systems, Inc."/>
    <property name="java.vm.version" value="25.202-b05"/>
    <property name="java.ext.dirs" value="/Users/y0g037u/Library/Java/Extensions:/Library/Java/JavaVirtualMachines/zulu-8.jdk/Contents/Home/jre/lib/ext:/Library/Java/Extensions:/Network/Library/Java/Extensions:/System/Library/Java/Extensions:/usr/lib/java"/>
    <property name="sun.io.unicode.encoding" value="UnicodeBig"/>
    <property name="java.class.version" value="52.0"/>
  </properties>
  <testcase name="contextLoads" classname="com.walmart.welcomeuser.ApplicationTest" time="0.212"/>
</testsuite>